<?xml version="1.0" encoding="UTF-8"?>
<!-- Generated by org.testng.reporters.JUnitXMLReporter -->
<testsuite ignored="4" hostname="LAPTOP-3N0HLSP8" failures="0" tests="1" name="Default test" time="0.486" errors="0" timestamp="2023-05-18T13:14:34 IST">
  <testcase classname="com.instagram.qa.PageTest.LoginPageTest" name="verifyLoginPageGooglePlayLink" time="0.358"/>
  <testcase classname="com.instagram.qa.PageTest.LoginPageTest" name="verifyLoginPageMicrosoftLink" time="0.0">
    <ignored/>
  </testcase> <!-- verifyLoginPageMicrosoftLink -->
  <testcase classname="com.instagram.qa.PageTest.LoginPageTest" name="verifyLoginAppWithValiedCredentials" time="0.0">
    <ignored/>
  </testcase> <!-- verifyLoginAppWithValiedCredentials -->
  <testcase classname="com.instagram.qa.PageTest.LoginPageTest" name="verifyLoginPageTitleAndLogo" time="0.0">
    <ignored/>
  </testcase> <!-- verifyLoginPageTitleAndLogo -->
  <testcase classname="com.instagram.qa.PageTest.LoginPageTest" name="loginWithDifferentCrd" time="0.0">
    <ignored/>
  </testcase> <!-- loginWithDifferentCrd -->
</testsuite> <!-- Default test -->
