<?xml version="1.0" encoding="UTF-8"?>
<!-- Generated by org.testng.reporters.JUnitXMLReporter -->
<testsuite ignored="13" hostname="LAPTOP-3N0HLSP8" failures="0" tests="0" time="0.018" errors="0" timestamp="2023-05-16T13:07:03 IST">
  <testcase classname="com.instagram.qa.PageTest.LoginPageTest" name="verifyLoginPageLogo" time="0.0">
    <ignored/>
  </testcase> <!-- verifyLoginPageLogo -->
  <testcase classname="com.instagram.qa.PageTest.HomePageTest" name="verifyHomePageLogo" time="0.0">
    <ignored/>
  </testcase> <!-- verifyHomePageLogo -->
  <testcase classname="com.instagram.qa.PageTest.HomePageTest" name="verifyHomePageTitle" time="0.0">
    <ignored/>
  </testcase> <!-- verifyHomePageTitle -->
  <testcase classname="com.instagram.qa.PageTest.HomePageTest" name="verifyHomePagefirstPostLikeBtn" time="0.0">
    <ignored/>
  </testcase> <!-- verifyHomePagefirstPostLikeBtn -->
  <testcase classname="com.instagram.qa.PageTest.HomePageTest" name="verifyScrollAndLikePost" time="0.0">
    <ignored/>
  </testcase> <!-- verifyScrollAndLikePost -->
  <testcase classname="com.instagram.qa.PageTest.CreatPageTest" name="verifyfileUploadInstagaram" time="0.0">
    <ignored/>
  </testcase> <!-- verifyfileUploadInstagaram -->
  <testcase classname="com.instagram.qa.PageTest.LoginPageTest" name="loginWithDifferentCrd" time="0.0">
    <ignored/>
  </testcase> <!-- loginWithDifferentCrd -->
  <testcase classname="com.instagram.qa.PageTest.ReelsPageTest" name="scrool" time="0.0">
    <ignored/>
  </testcase> <!-- scrool -->
  <testcase classname="com.instagram.qa.PageTest.CreatPageTest" name="verify" time="0.0">
    <ignored/>
  </testcase> <!-- verify -->
  <testcase classname="com.instagram.qa.PageTest.HomePageTest" name="verifyUserName" time="0.0">
    <ignored/>
  </testcase> <!-- verifyUserName -->
  <testcase classname="com.instagram.qa.PageTest.LoginPageTest" name="loginPageLogoTest" time="0.0">
    <ignored/>
  </testcase> <!-- loginPageLogoTest -->
  <testcase classname="com.instagram.qa.PageTest.ReelsPageTest" name="verifyLikeAndUnlikeFirstReel" time="0.0">
    <ignored/>
  </testcase> <!-- verifyLikeAndUnlikeFirstReel -->
  <testcase classname="com.instagram.qa.PageTest.LoginPageTest" name="verifyLoginPageTitle" time="0.0">
    <ignored/>
  </testcase> <!-- verifyLoginPageTitle -->
</testsuite>
