<?xml version="1.0" encoding="UTF-8"?>
<!-- Generated by org.testng.reporters.JUnitXMLReporter -->
<testsuite ignored="7" hostname="LAPTOP-3N0HLSP8" failures="0" tests="13" name="ExecuteAllTC" time="75.302" errors="0" timestamp="2023-06-16T06:38:23 IST">
  <testcase classname="com.instagram.qa.PageTest.LoginPageTest" name="verifyLoginPageTitleAndLogo" time="0.413"/>
  <testcase classname="com.instagram.qa.PageTest.LoginPageTest" name="verifyLoginPageGooglePlayLink" time="0.244"/>
  <testcase classname="com.instagram.qa.PageTest.LoginPageTest" name="verifyLoginPageMicrosoftLink" time="0.069"/>
  <testcase classname="com.instagram.qa.PageTest.LoginPageTest" name="verifyLoginAppWithValiedCredentials" time="8.466"/>
  <testcase classname="com.instagram.qa.PageTest.HomePageTest" name="verifyHomePageTitleAndLogo" time="0.086"/>
  <testcase classname="com.instagram.qa.PageTest.HomePageTest" name="verifyUserName" time="0.091"/>
  <testcase classname="com.instagram.qa.PageTest.HomePageTest" name="verifyHomePagefirstPostLikeBtn" time="2.836"/>
  <testcase classname="com.instagram.qa.PageTest.HomePageTest" name="verifyScrollAndLikePost" time="8.824"/>
  <testcase classname="com.instagram.qa.PageTest.HomePageTest" name="verifyLogoutButtonTest" time="5.211"/>
  <testcase classname="com.instagram.qa.PageTest.ReelsPageTest" name="verifyLikeFirstReel" time="23.569"/>
  <testcase classname="com.instagram.qa.PageTest.ReelsPageTest" name="VerifytheScroolReels" time="0.516"/>
  <testcase classname="com.instagram.qa.PageTest.CreatPageTest" name="verifyCreatPageLabel" time="2.169"/>
  <testcase classname="com.instagram.qa.PageTest.CreatPageTest" name="verifyfileUploadInstagaram" time="15.148"/>
  <testcase classname="com.instagram.qa.TestComponents.BaseClass" name="@BeforeSuite initialization" time="0.0">
    <ignored/>
  </testcase> <!-- @BeforeSuite initialization -->
  <testcase classname="com.instagram.qa.TestComponents.BaseClass" name="@AfterSuite tearDown" time="0.0">
    <ignored/>
  </testcase> <!-- @AfterSuite tearDown -->
  <testcase classname="com.instagram.qa.TestComponents.BaseClass" name="@BeforeSuite initialization" time="0.0">
    <ignored/>
  </testcase> <!-- @BeforeSuite initialization -->
  <testcase classname="com.instagram.qa.TestComponents.BaseClass" name="@BeforeSuite initialization" time="0.0">
    <ignored/>
  </testcase> <!-- @BeforeSuite initialization -->
  <testcase classname="com.instagram.qa.TestComponents.BaseClass" name="@AfterSuite tearDown" time="0.0">
    <ignored/>
  </testcase> <!-- @AfterSuite tearDown -->
  <testcase classname="com.instagram.qa.PageTest.LoginPageTest" name="loginWithDifferentCrd" time="0.0">
    <ignored/>
  </testcase> <!-- loginWithDifferentCrd -->
  <testcase classname="com.instagram.qa.TestComponents.BaseClass" name="@AfterSuite tearDown" time="0.0">
    <ignored/>
  </testcase> <!-- @AfterSuite tearDown -->
</testsuite> <!-- ExecuteAllTC -->
