<?xml version="1.0" encoding="UTF-8"?>
<!-- Generated by org.testng.reporters.JUnitXMLReporter -->
<testsuite ignored="1" hostname="LAPTOP-3N0HLSP8" failures="0" tests="4" name="Test" time="15.409" errors="0" timestamp="2023-05-26T10:24:26 IST">
  <testcase classname="com.instagram.qa.PageTest.LoginPageTest" name="verifyLoginPageTitleAndLogo" time="0.459"/>
  <testcase classname="com.instagram.qa.PageTest.LoginPageTest" name="verifyLoginPageGooglePlayLink" time="1.167"/>
  <testcase classname="com.instagram.qa.PageTest.LoginPageTest" name="verifyLoginPageMicrosoftLink" time="0.084"/>
  <testcase classname="com.instagram.qa.PageTest.LoginPageTest" name="verifyLoginAppWithValiedCredentials" time="13.441"/>
  <testcase classname="com.instagram.qa.PageTest.LoginPageTest" name="loginWithDifferentCrd" time="0.0">
    <ignored/>
  </testcase> <!-- loginWithDifferentCrd -->
</testsuite> <!-- Test -->
