<?xml version="1.0" encoding="UTF-8"?>
<testng-results ignored="7" total="20" passed="13" failed="0" skipped="0">
  <reporter-output>
  </reporter-output>
  <suite started-at="2023-05-26T10:27:00 IST" name="Instagram" finished-at="2023-05-26T10:28:01 IST" duration-ms="61317">
    <groups>
      <group name="smoke">
        <method signature="CreatPageTest.verifyCreatPageLabel()[pri:1, instance:com.instagram.qa.PageTest.CreatPageTest@73e132e0]" name="verifyCreatPageLabel" class="com.instagram.qa.PageTest.CreatPageTest"/>
        <method signature="HomePageTest.verifyHomePageTitleAndLogo()[pri:1, instance:com.instagram.qa.PageTest.HomePageTest@777c9dc9]" name="verifyHomePageTitleAndLogo" class="com.instagram.qa.PageTest.HomePageTest"/>
        <method signature="LoginPageTest.verifyLoginPageTitleAndLogo()[pri:1, instance:com.instagram.qa.PageTest.LoginPageTest@4c5204af]" name="verifyLoginPageTitleAndLogo" class="com.instagram.qa.PageTest.LoginPageTest"/>
        <method signature="ReelsPageTest.verifyLikeFirstReel()[pri:1, instance:com.instagram.qa.PageTest.ReelsPageTest@71b1a49c]" name="verifyLikeFirstReel" class="com.instagram.qa.PageTest.ReelsPageTest"/>
        <method signature="LoginPageTest.verifyLoginPageGooglePlayLink()[pri:2, instance:com.instagram.qa.PageTest.LoginPageTest@4c5204af]" name="verifyLoginPageGooglePlayLink" class="com.instagram.qa.PageTest.LoginPageTest"/>
        <method signature="HomePageTest.verifyUserName()[pri:3, instance:com.instagram.qa.PageTest.HomePageTest@777c9dc9]" name="verifyUserName" class="com.instagram.qa.PageTest.HomePageTest"/>
        <method signature="LoginPageTest.verifyLoginPageMicrosoftLink()[pri:3, instance:com.instagram.qa.PageTest.LoginPageTest@4c5204af]" name="verifyLoginPageMicrosoftLink" class="com.instagram.qa.PageTest.LoginPageTest"/>
        <method signature="HomePageTest.verifyHomePagefirstPostLikeBtn()[pri:4, instance:com.instagram.qa.PageTest.HomePageTest@777c9dc9]" name="verifyHomePagefirstPostLikeBtn" class="com.instagram.qa.PageTest.HomePageTest"/>
        <method signature="LoginPageTest.verifyLoginAppWithValiedCredentials()[pri:4, instance:com.instagram.qa.PageTest.LoginPageTest@4c5204af]" name="verifyLoginAppWithValiedCredentials" class="com.instagram.qa.PageTest.LoginPageTest"/>
      </group> <!-- smoke -->
    </groups>
    <test started-at="2023-05-26T10:27:00 IST" name="ExecuteAllTC" finished-at="2023-05-26T10:28:01 IST" duration-ms="61317">
      <class name="com.instagram.qa.PageTest.ReelsPageTest">
        <test-method is-config="true" signature="loginApp()[pri:0, instance:com.instagram.qa.PageTest.ReelsPageTest@71b1a49c]" started-at="2023-05-26T10:27:28 IST" name="loginApp" finished-at="2023-05-26T10:27:34 IST" duration-ms="6589" status="PASS">
          <reporter-output>
          </reporter-output>
        </test-method> <!-- loginApp -->
        <test-method signature="verifyLikeFirstReel()[pri:1, instance:com.instagram.qa.PageTest.ReelsPageTest@71b1a49c]" started-at="2023-05-26T10:27:34 IST" name="verifyLikeFirstReel" finished-at="2023-05-26T10:27:44 IST" duration-ms="9442" status="PASS">
          <reporter-output>
          </reporter-output>
        </test-method> <!-- verifyLikeFirstReel -->
        <test-method signature="VerifytheScroolReels()[pri:2, instance:com.instagram.qa.PageTest.ReelsPageTest@71b1a49c]" started-at="2023-05-26T10:27:44 IST" name="VerifytheScroolReels" finished-at="2023-05-26T10:27:44 IST" duration-ms="407" status="PASS">
          <reporter-output>
          </reporter-output>
        </test-method> <!-- VerifytheScroolReels -->
        <test-method is-config="true" signature="logoutApp()[pri:0, instance:com.instagram.qa.PageTest.ReelsPageTest@71b1a49c]" started-at="2023-05-26T10:27:44 IST" name="logoutApp" finished-at="2023-05-26T10:27:44 IST" duration-ms="1" status="PASS">
          <reporter-output>
          </reporter-output>
        </test-method> <!-- logoutApp -->
      </class> <!-- com.instagram.qa.PageTest.ReelsPageTest -->
      <class name="com.instagram.qa.PageTest.CreatPageTest">
        <test-method is-config="true" signature="loginApp()[pri:0, instance:com.instagram.qa.PageTest.CreatPageTest@73e132e0]" started-at="2023-05-26T10:27:44 IST" name="loginApp" finished-at="2023-05-26T10:27:44 IST" duration-ms="305" status="PASS">
          <reporter-output>
          </reporter-output>
        </test-method> <!-- loginApp -->
        <test-method signature="verifyCreatPageLabel()[pri:1, instance:com.instagram.qa.PageTest.CreatPageTest@73e132e0]" started-at="2023-05-26T10:27:44 IST" name="verifyCreatPageLabel" finished-at="2023-05-26T10:27:45 IST" duration-ms="532" status="PASS">
          <reporter-output>
          </reporter-output>
        </test-method> <!-- verifyCreatPageLabel -->
        <test-method signature="verifyfileUploadInstagaram()[pri:2, instance:com.instagram.qa.PageTest.CreatPageTest@73e132e0]" started-at="2023-05-26T10:27:45 IST" name="verifyfileUploadInstagaram" finished-at="2023-05-26T10:28:01 IST" duration-ms="15634" status="PASS">
          <reporter-output>
          </reporter-output>
        </test-method> <!-- verifyfileUploadInstagaram -->
        <test-method is-config="true" signature="closeCreatsPage()[pri:0, instance:com.instagram.qa.PageTest.CreatPageTest@73e132e0]" started-at="2023-05-26T10:28:01 IST" name="closeCreatsPage" finished-at="2023-05-26T10:28:01 IST" duration-ms="571" status="PASS">
          <reporter-output>
          </reporter-output>
        </test-method> <!-- closeCreatsPage -->
      </class> <!-- com.instagram.qa.PageTest.CreatPageTest -->
      <class name="com.instagram.qa.PageTest.LoginPageTest">
        <test-method is-config="true" signature="initialization()[pri:0, instance:com.instagram.qa.PageTest.LoginPageTest@4c5204af]" started-at="2023-05-26T10:26:53 IST" name="initialization" finished-at="2023-05-26T10:27:00 IST" duration-ms="6807" status="PASS">
          <reporter-output>
          </reporter-output>
        </test-method> <!-- initialization -->
        <test-method is-config="true" signature="loginApp()[pri:0, instance:com.instagram.qa.PageTest.LoginPageTest@4c5204af]" started-at="2023-05-26T10:27:00 IST" name="loginApp" finished-at="2023-05-26T10:27:00 IST" duration-ms="61" status="PASS">
          <reporter-output>
          </reporter-output>
        </test-method> <!-- loginApp -->
        <test-method signature="verifyLoginPageTitleAndLogo()[pri:1, instance:com.instagram.qa.PageTest.LoginPageTest@4c5204af]" started-at="2023-05-26T10:27:00 IST" name="verifyLoginPageTitleAndLogo" finished-at="2023-05-26T10:27:00 IST" duration-ms="461" status="PASS">
          <reporter-output>
          </reporter-output>
        </test-method> <!-- verifyLoginPageTitleAndLogo -->
        <test-method signature="verifyLoginPageGooglePlayLink()[pri:2, instance:com.instagram.qa.PageTest.LoginPageTest@4c5204af]" started-at="2023-05-26T10:27:00 IST" name="verifyLoginPageGooglePlayLink" finished-at="2023-05-26T10:27:01 IST" duration-ms="271" status="PASS">
          <reporter-output>
          </reporter-output>
        </test-method> <!-- verifyLoginPageGooglePlayLink -->
        <test-method signature="verifyLoginPageMicrosoftLink()[pri:3, instance:com.instagram.qa.PageTest.LoginPageTest@4c5204af]" started-at="2023-05-26T10:27:01 IST" name="verifyLoginPageMicrosoftLink" finished-at="2023-05-26T10:27:01 IST" duration-ms="54" status="PASS">
          <reporter-output>
          </reporter-output>
        </test-method> <!-- verifyLoginPageMicrosoftLink -->
        <test-method signature="verifyLoginAppWithValiedCredentials()[pri:4, instance:com.instagram.qa.PageTest.LoginPageTest@4c5204af]" started-at="2023-05-26T10:27:01 IST" name="verifyLoginAppWithValiedCredentials" finished-at="2023-05-26T10:27:09 IST" duration-ms="8431" status="PASS">
          <reporter-output>
          </reporter-output>
        </test-method> <!-- verifyLoginAppWithValiedCredentials -->
        <test-method is-config="true" signature="tearDown()[pri:0, instance:com.instagram.qa.PageTest.LoginPageTest@4c5204af]" started-at="2023-05-26T10:28:02 IST" name="tearDown" finished-at="2023-05-26T10:28:03 IST" duration-ms="877" status="PASS">
          <reporter-output>
          </reporter-output>
        </test-method> <!-- tearDown -->
      </class> <!-- com.instagram.qa.PageTest.LoginPageTest -->
      <class name="com.instagram.qa.PageTest.HomePageTest">
        <test-method is-config="true" signature="loginApp()[pri:0, instance:com.instagram.qa.PageTest.HomePageTest@777c9dc9]" started-at="2023-05-26T10:27:09 IST" name="loginApp" finished-at="2023-05-26T10:27:09 IST" duration-ms="6" status="PASS">
          <reporter-output>
          </reporter-output>
        </test-method> <!-- loginApp -->
        <test-method signature="verifyHomePageTitleAndLogo()[pri:1, instance:com.instagram.qa.PageTest.HomePageTest@777c9dc9]" started-at="2023-05-26T10:27:09 IST" name="verifyHomePageTitleAndLogo" finished-at="2023-05-26T10:27:10 IST" duration-ms="369" status="PASS">
          <reporter-output>
          </reporter-output>
        </test-method> <!-- verifyHomePageTitleAndLogo -->
        <test-method signature="verifyUserName()[pri:3, instance:com.instagram.qa.PageTest.HomePageTest@777c9dc9]" started-at="2023-05-26T10:27:10 IST" name="verifyUserName" finished-at="2023-05-26T10:27:10 IST" duration-ms="247" status="PASS">
          <reporter-output>
          </reporter-output>
        </test-method> <!-- verifyUserName -->
        <test-method signature="verifyHomePagefirstPostLikeBtn()[pri:4, instance:com.instagram.qa.PageTest.HomePageTest@777c9dc9]" started-at="2023-05-26T10:27:10 IST" name="verifyHomePagefirstPostLikeBtn" finished-at="2023-05-26T10:27:10 IST" duration-ms="337" status="PASS">
          <reporter-output>
          </reporter-output>
        </test-method> <!-- verifyHomePagefirstPostLikeBtn -->
        <test-method signature="verifyScrollAndLikePost()[pri:5, instance:com.instagram.qa.PageTest.HomePageTest@777c9dc9]" started-at="2023-05-26T10:27:10 IST" name="verifyScrollAndLikePost" finished-at="2023-05-26T10:27:23 IST" duration-ms="12615" status="PASS">
          <reporter-output>
          </reporter-output>
        </test-method> <!-- verifyScrollAndLikePost -->
        <test-method signature="verifyLogoutButtonTest()[pri:6, instance:com.instagram.qa.PageTest.HomePageTest@777c9dc9]" started-at="2023-05-26T10:27:23 IST" name="verifyLogoutButtonTest" finished-at="2023-05-26T10:27:28 IST" duration-ms="4800" status="PASS">
          <reporter-output>
          </reporter-output>
        </test-method> <!-- verifyLogoutButtonTest -->
        <test-method is-config="true" signature="logoutApp()[pri:0, instance:com.instagram.qa.PageTest.HomePageTest@777c9dc9]" started-at="2023-05-26T10:27:28 IST" name="logoutApp" finished-at="2023-05-26T10:27:28 IST" duration-ms="1" status="PASS">
          <reporter-output>
          </reporter-output>
        </test-method> <!-- logoutApp -->
      </class> <!-- com.instagram.qa.PageTest.HomePageTest -->
    </test> <!-- ExecuteAllTC -->
  </suite> <!-- Instagram -->
</testng-results>
