<?xml version="1.0" encoding="UTF-8"?>
<testng-results ignored="7" total="19" passed="12" failed="0" skipped="0">
  <reporter-output>
  </reporter-output>
  <suite started-at="2023-05-19T11:17:41 IST" name="Instagram" finished-at="2023-05-19T11:18:09 IST" duration-ms="27530">
    <groups>
      <group name="smoke">
        <method signature="CreatPageTest.verifyCreatPageLabel()[pri:1, instance:com.instagram.qa.PageTest.CreatPageTest@70dd7e15]" name="verifyCreatPageLabel" class="com.instagram.qa.PageTest.CreatPageTest"/>
        <method signature="HomePageTest.verifyHomePageTitleAndLogo()[pri:1, instance:com.instagram.qa.PageTest.HomePageTest@26fb628]" name="verifyHomePageTitleAndLogo" class="com.instagram.qa.PageTest.HomePageTest"/>
        <method signature="LoginPageTest.verifyLoginPageTitleAndLogo()[pri:1, instance:com.instagram.qa.PageTest.LoginPageTest@452ba1db]" name="verifyLoginPageTitleAndLogo" class="com.instagram.qa.PageTest.LoginPageTest"/>
        <method signature="ReelsPageTest.verifyLikeFirstReel()[pri:1, instance:com.instagram.qa.PageTest.ReelsPageTest@3e2943ab]" name="verifyLikeFirstReel" class="com.instagram.qa.PageTest.ReelsPageTest"/>
        <method signature="LoginPageTest.verifyLoginPageGooglePlayLink()[pri:2, instance:com.instagram.qa.PageTest.LoginPageTest@452ba1db]" name="verifyLoginPageGooglePlayLink" class="com.instagram.qa.PageTest.LoginPageTest"/>
        <method signature="HomePageTest.verifyUserName()[pri:3, instance:com.instagram.qa.PageTest.HomePageTest@26fb628]" name="verifyUserName" class="com.instagram.qa.PageTest.HomePageTest"/>
        <method signature="LoginPageTest.verifyLoginPageMicrosoftLink()[pri:3, instance:com.instagram.qa.PageTest.LoginPageTest@452ba1db]" name="verifyLoginPageMicrosoftLink" class="com.instagram.qa.PageTest.LoginPageTest"/>
        <method signature="HomePageTest.verifyHomePagefirstPostLikeBtn()[pri:4, instance:com.instagram.qa.PageTest.HomePageTest@26fb628]" name="verifyHomePagefirstPostLikeBtn" class="com.instagram.qa.PageTest.HomePageTest"/>
        <method signature="LoginPageTest.verifyLoginAppWithValiedCredentials()[pri:4, instance:com.instagram.qa.PageTest.LoginPageTest@452ba1db]" name="verifyLoginAppWithValiedCredentials" class="com.instagram.qa.PageTest.LoginPageTest"/>
      </group> <!-- smoke -->
    </groups>
    <test started-at="2023-05-19T11:17:41 IST" name="ExecuteAllTC" finished-at="2023-05-19T11:18:09 IST" duration-ms="27530">
      <class name="com.instagram.qa.PageTest.ReelsPageTest">
        <test-method is-config="true" signature="loginApp()[pri:0, instance:com.instagram.qa.PageTest.ReelsPageTest@3e2943ab]" started-at="2023-05-19T11:17:56 IST" name="loginApp" finished-at="2023-05-19T11:17:57 IST" duration-ms="138" status="PASS">
          <reporter-output>
          </reporter-output>
        </test-method> <!-- loginApp -->
        <test-method signature="verifyLikeFirstReel()[pri:1, instance:com.instagram.qa.PageTest.ReelsPageTest@3e2943ab]" started-at="2023-05-19T11:17:57 IST" name="verifyLikeFirstReel" finished-at="2023-05-19T11:18:00 IST" duration-ms="3507" status="PASS">
          <reporter-output>
          </reporter-output>
        </test-method> <!-- verifyLikeFirstReel -->
        <test-method signature="VerifytheScroolReels()[pri:2, instance:com.instagram.qa.PageTest.ReelsPageTest@3e2943ab]" started-at="2023-05-19T11:18:00 IST" name="VerifytheScroolReels" finished-at="2023-05-19T11:18:00 IST" duration-ms="363" status="PASS">
          <reporter-output>
          </reporter-output>
        </test-method> <!-- VerifytheScroolReels -->
        <test-method is-config="true" signature="logoutApp()[pri:0, instance:com.instagram.qa.PageTest.ReelsPageTest@3e2943ab]" started-at="2023-05-19T11:18:00 IST" name="logoutApp" finished-at="2023-05-19T11:18:00 IST" duration-ms="0" status="PASS">
          <reporter-output>
          </reporter-output>
        </test-method> <!-- logoutApp -->
      </class> <!-- com.instagram.qa.PageTest.ReelsPageTest -->
      <class name="com.instagram.qa.PageTest.CreatPageTest">
        <test-method is-config="true" signature="loginApp()[pri:0, instance:com.instagram.qa.PageTest.CreatPageTest@70dd7e15]" started-at="2023-05-19T11:18:00 IST" name="loginApp" finished-at="2023-05-19T11:18:01 IST" duration-ms="144" status="PASS">
          <reporter-output>
          </reporter-output>
        </test-method> <!-- loginApp -->
        <test-method signature="verifyCreatPageLabel()[pri:1, instance:com.instagram.qa.PageTest.CreatPageTest@70dd7e15]" started-at="2023-05-19T11:18:01 IST" name="verifyCreatPageLabel" finished-at="2023-05-19T11:18:01 IST" duration-ms="470" status="PASS">
          <reporter-output>
          </reporter-output>
        </test-method> <!-- verifyCreatPageLabel -->
        <test-method signature="verifyfileUploadInstagaram()[pri:2, instance:com.instagram.qa.PageTest.CreatPageTest@70dd7e15]" started-at="2023-05-19T11:18:01 IST" name="verifyfileUploadInstagaram" finished-at="2023-05-19T11:18:09 IST" duration-ms="7687" status="PASS">
          <reporter-output>
          </reporter-output>
        </test-method> <!-- verifyfileUploadInstagaram -->
        <test-method is-config="true" signature="closeCreatsPage()[pri:0, instance:com.instagram.qa.PageTest.CreatPageTest@70dd7e15]" started-at="2023-05-19T11:18:09 IST" name="closeCreatsPage" finished-at="2023-05-19T11:18:09 IST" duration-ms="120" status="PASS">
          <reporter-output>
          </reporter-output>
        </test-method> <!-- closeCreatsPage -->
      </class> <!-- com.instagram.qa.PageTest.CreatPageTest -->
      <class name="com.instagram.qa.PageTest.LoginPageTest">
        <test-method is-config="true" signature="initialization()[pri:0, instance:com.instagram.qa.PageTest.LoginPageTest@452ba1db]" started-at="2023-05-19T11:17:36 IST" name="initialization" finished-at="2023-05-19T11:17:41 IST" duration-ms="5043" status="PASS">
          <reporter-output>
          </reporter-output>
        </test-method> <!-- initialization -->
        <test-method is-config="true" signature="loginApp()[pri:0, instance:com.instagram.qa.PageTest.LoginPageTest@452ba1db]" started-at="2023-05-19T11:17:41 IST" name="loginApp" finished-at="2023-05-19T11:17:41 IST" duration-ms="25" status="PASS">
          <reporter-output>
          </reporter-output>
        </test-method> <!-- loginApp -->
        <test-method signature="verifyLoginPageTitleAndLogo()[pri:1, instance:com.instagram.qa.PageTest.LoginPageTest@452ba1db]" started-at="2023-05-19T11:17:41 IST" name="verifyLoginPageTitleAndLogo" finished-at="2023-05-19T11:17:42 IST" duration-ms="375" status="PASS">
          <reporter-output>
          </reporter-output>
        </test-method> <!-- verifyLoginPageTitleAndLogo -->
        <test-method signature="verifyLoginPageGooglePlayLink()[pri:2, instance:com.instagram.qa.PageTest.LoginPageTest@452ba1db]" started-at="2023-05-19T11:17:42 IST" name="verifyLoginPageGooglePlayLink" finished-at="2023-05-19T11:17:42 IST" duration-ms="33" status="PASS">
          <reporter-output>
          </reporter-output>
        </test-method> <!-- verifyLoginPageGooglePlayLink -->
        <test-method signature="verifyLoginPageMicrosoftLink()[pri:3, instance:com.instagram.qa.PageTest.LoginPageTest@452ba1db]" started-at="2023-05-19T11:17:42 IST" name="verifyLoginPageMicrosoftLink" finished-at="2023-05-19T11:17:42 IST" duration-ms="31" status="PASS">
          <reporter-output>
          </reporter-output>
        </test-method> <!-- verifyLoginPageMicrosoftLink -->
        <test-method signature="verifyLoginAppWithValiedCredentials()[pri:4, instance:com.instagram.qa.PageTest.LoginPageTest@452ba1db]" started-at="2023-05-19T11:17:42 IST" name="verifyLoginAppWithValiedCredentials" finished-at="2023-05-19T11:17:52 IST" duration-ms="10298" status="PASS">
          <reporter-output>
          </reporter-output>
        </test-method> <!-- verifyLoginAppWithValiedCredentials -->
        <test-method is-config="true" signature="tearDown()[pri:0, instance:com.instagram.qa.PageTest.LoginPageTest@452ba1db]" started-at="2023-05-19T11:18:09 IST" name="tearDown" finished-at="2023-05-19T11:18:10 IST" duration-ms="310" status="PASS">
          <reporter-output>
          </reporter-output>
        </test-method> <!-- tearDown -->
      </class> <!-- com.instagram.qa.PageTest.LoginPageTest -->
      <class name="com.instagram.qa.PageTest.HomePageTest">
        <test-method is-config="true" signature="loginApp()[pri:0, instance:com.instagram.qa.PageTest.HomePageTest@26fb628]" started-at="2023-05-19T11:17:52 IST" name="loginApp" finished-at="2023-05-19T11:17:52 IST" duration-ms="1" status="PASS">
          <reporter-output>
          </reporter-output>
        </test-method> <!-- loginApp -->
        <test-method signature="verifyHomePageTitleAndLogo()[pri:1, instance:com.instagram.qa.PageTest.HomePageTest@26fb628]" started-at="2023-05-19T11:17:52 IST" name="verifyHomePageTitleAndLogo" finished-at="2023-05-19T11:17:52 IST" duration-ms="30" status="PASS">
          <reporter-output>
          </reporter-output>
        </test-method> <!-- verifyHomePageTitleAndLogo -->
        <test-method signature="verifyUserName()[pri:3, instance:com.instagram.qa.PageTest.HomePageTest@26fb628]" started-at="2023-05-19T11:17:52 IST" name="verifyUserName" finished-at="2023-05-19T11:17:52 IST" duration-ms="41" status="PASS">
          <reporter-output>
          </reporter-output>
        </test-method> <!-- verifyUserName -->
        <test-method signature="verifyHomePagefirstPostLikeBtn()[pri:4, instance:com.instagram.qa.PageTest.HomePageTest@26fb628]" started-at="2023-05-19T11:17:52 IST" name="verifyHomePagefirstPostLikeBtn" finished-at="2023-05-19T11:17:54 IST" duration-ms="1431" status="PASS">
          <reporter-output>
          </reporter-output>
        </test-method> <!-- verifyHomePagefirstPostLikeBtn -->
        <test-method signature="verifyScrollAndLikePost()[pri:5, instance:com.instagram.qa.PageTest.HomePageTest@26fb628]" started-at="2023-05-19T11:17:54 IST" name="verifyScrollAndLikePost" finished-at="2023-05-19T11:17:56 IST" duration-ms="2787" status="PASS">
          <reporter-output>
          </reporter-output>
        </test-method> <!-- verifyScrollAndLikePost -->
        <test-method is-config="true" signature="logoutApp()[pri:0, instance:com.instagram.qa.PageTest.HomePageTest@26fb628]" started-at="2023-05-19T11:17:56 IST" name="logoutApp" finished-at="2023-05-19T11:17:56 IST" duration-ms="0" status="PASS">
          <reporter-output>
          </reporter-output>
        </test-method> <!-- logoutApp -->
      </class> <!-- com.instagram.qa.PageTest.HomePageTest -->
    </test> <!-- ExecuteAllTC -->
  </suite> <!-- Instagram -->
</testng-results>
