<?xml version="1.0" encoding="UTF-8"?>
<testng-results ignored="7" total="20" passed="13" failed="0" skipped="0">
  <reporter-output>
  </reporter-output>
  <suite started-at="2023-06-14T18:53:55 IST" name="Instagram" finished-at="2023-06-14T18:54:53 IST" duration-ms="58125">
    <groups>
      <group name="smoke">
        <method signature="CreatPageTest.verifyCreatPageLabel()[pri:1, instance:com.instagram.qa.PageTest.CreatPageTest@77307458]" name="verifyCreatPageLabel" class="com.instagram.qa.PageTest.CreatPageTest"/>
        <method signature="HomePageTest.verifyHomePageTitleAndLogo()[pri:1, instance:com.instagram.qa.PageTest.HomePageTest@7bf9b098]" name="verifyHomePageTitleAndLogo" class="com.instagram.qa.PageTest.HomePageTest"/>
        <method signature="LoginPageTest.verifyLoginPageTitleAndLogo()[pri:1, instance:com.instagram.qa.PageTest.LoginPageTest@37ebc9d8]" name="verifyLoginPageTitleAndLogo" class="com.instagram.qa.PageTest.LoginPageTest"/>
        <method signature="ReelsPageTest.verifyLikeFirstReel()[pri:1, instance:com.instagram.qa.PageTest.ReelsPageTest@389adf1d]" name="verifyLikeFirstReel" class="com.instagram.qa.PageTest.ReelsPageTest"/>
        <method signature="LoginPageTest.verifyLoginPageGooglePlayLink()[pri:2, instance:com.instagram.qa.PageTest.LoginPageTest@37ebc9d8]" name="verifyLoginPageGooglePlayLink" class="com.instagram.qa.PageTest.LoginPageTest"/>
        <method signature="HomePageTest.verifyUserName()[pri:3, instance:com.instagram.qa.PageTest.HomePageTest@7bf9b098]" name="verifyUserName" class="com.instagram.qa.PageTest.HomePageTest"/>
        <method signature="LoginPageTest.verifyLoginPageMicrosoftLink()[pri:3, instance:com.instagram.qa.PageTest.LoginPageTest@37ebc9d8]" name="verifyLoginPageMicrosoftLink" class="com.instagram.qa.PageTest.LoginPageTest"/>
        <method signature="HomePageTest.verifyHomePagefirstPostLikeBtn()[pri:4, instance:com.instagram.qa.PageTest.HomePageTest@7bf9b098]" name="verifyHomePagefirstPostLikeBtn" class="com.instagram.qa.PageTest.HomePageTest"/>
        <method signature="LoginPageTest.verifyLoginAppWithValiedCredentials()[pri:4, instance:com.instagram.qa.PageTest.LoginPageTest@37ebc9d8]" name="verifyLoginAppWithValiedCredentials" class="com.instagram.qa.PageTest.LoginPageTest"/>
      </group> <!-- smoke -->
    </groups>
    <test started-at="2023-06-14T18:53:55 IST" name="ExecuteAllTC" finished-at="2023-06-14T18:54:53 IST" duration-ms="58125">
      <class name="com.instagram.qa.PageTest.ReelsPageTest">
        <test-method is-config="true" signature="loginApp()[pri:0, instance:com.instagram.qa.PageTest.ReelsPageTest@389adf1d]" started-at="2023-06-14T18:54:19 IST" name="loginApp" finished-at="2023-06-14T18:54:27 IST" duration-ms="8378" status="PASS">
          <reporter-output>
          </reporter-output>
        </test-method> <!-- loginApp -->
        <test-method signature="verifyLikeFirstReel()[pri:1, instance:com.instagram.qa.PageTest.ReelsPageTest@389adf1d]" started-at="2023-06-14T18:54:27 IST" name="verifyLikeFirstReel" finished-at="2023-06-14T18:54:37 IST" duration-ms="9299" status="PASS">
          <reporter-output>
          </reporter-output>
        </test-method> <!-- verifyLikeFirstReel -->
        <test-method signature="VerifytheScroolReels()[pri:2, instance:com.instagram.qa.PageTest.ReelsPageTest@389adf1d]" started-at="2023-06-14T18:54:37 IST" name="VerifytheScroolReels" finished-at="2023-06-14T18:54:37 IST" duration-ms="748" status="PASS">
          <reporter-output>
          </reporter-output>
        </test-method> <!-- VerifytheScroolReels -->
        <test-method is-config="true" signature="logoutApp()[pri:0, instance:com.instagram.qa.PageTest.ReelsPageTest@389adf1d]" started-at="2023-06-14T18:54:37 IST" name="logoutApp" finished-at="2023-06-14T18:54:37 IST" duration-ms="2" status="PASS">
          <reporter-output>
          </reporter-output>
        </test-method> <!-- logoutApp -->
      </class> <!-- com.instagram.qa.PageTest.ReelsPageTest -->
      <class name="com.instagram.qa.PageTest.CreatPageTest">
        <test-method is-config="true" signature="loginApp()[pri:0, instance:com.instagram.qa.PageTest.CreatPageTest@77307458]" started-at="2023-06-14T18:54:37 IST" name="loginApp" finished-at="2023-06-14T18:54:38 IST" duration-ms="315" status="PASS">
          <reporter-output>
          </reporter-output>
        </test-method> <!-- loginApp -->
        <test-method signature="verifyCreatPageLabel()[pri:1, instance:com.instagram.qa.PageTest.CreatPageTest@77307458]" started-at="2023-06-14T18:54:38 IST" name="verifyCreatPageLabel" finished-at="2023-06-14T18:54:38 IST" duration-ms="534" status="PASS">
          <reporter-output>
          </reporter-output>
        </test-method> <!-- verifyCreatPageLabel -->
        <test-method signature="verifyfileUploadInstagaram()[pri:2, instance:com.instagram.qa.PageTest.CreatPageTest@77307458]" started-at="2023-06-14T18:54:38 IST" name="verifyfileUploadInstagaram" finished-at="2023-06-14T18:54:52 IST" duration-ms="14287" status="PASS">
          <reporter-output>
          </reporter-output>
        </test-method> <!-- verifyfileUploadInstagaram -->
        <test-method is-config="true" signature="closeCreatsPage()[pri:0, instance:com.instagram.qa.PageTest.CreatPageTest@77307458]" started-at="2023-06-14T18:54:52 IST" name="closeCreatsPage" finished-at="2023-06-14T18:54:53 IST" duration-ms="290" status="PASS">
          <reporter-output>
          </reporter-output>
        </test-method> <!-- closeCreatsPage -->
      </class> <!-- com.instagram.qa.PageTest.CreatPageTest -->
      <class name="com.instagram.qa.PageTest.LoginPageTest">
        <test-method is-config="true" signature="initialization()[pri:0, instance:com.instagram.qa.PageTest.LoginPageTest@37ebc9d8]" started-at="2023-06-14T18:53:48 IST" name="initialization" finished-at="2023-06-14T18:53:55 IST" duration-ms="6358" status="PASS">
          <reporter-output>
          </reporter-output>
        </test-method> <!-- initialization -->
        <test-method is-config="true" signature="loginApp()[pri:0, instance:com.instagram.qa.PageTest.LoginPageTest@37ebc9d8]" started-at="2023-06-14T18:53:55 IST" name="loginApp" finished-at="2023-06-14T18:53:55 IST" duration-ms="52" status="PASS">
          <reporter-output>
          </reporter-output>
        </test-method> <!-- loginApp -->
        <test-method signature="verifyLoginPageTitleAndLogo()[pri:1, instance:com.instagram.qa.PageTest.LoginPageTest@37ebc9d8]" started-at="2023-06-14T18:53:55 IST" name="verifyLoginPageTitleAndLogo" finished-at="2023-06-14T18:53:55 IST" duration-ms="437" status="PASS">
          <reporter-output>
          </reporter-output>
        </test-method> <!-- verifyLoginPageTitleAndLogo -->
        <test-method signature="verifyLoginPageGooglePlayLink()[pri:2, instance:com.instagram.qa.PageTest.LoginPageTest@37ebc9d8]" started-at="2023-06-14T18:53:55 IST" name="verifyLoginPageGooglePlayLink" finished-at="2023-06-14T18:53:55 IST" duration-ms="153" status="PASS">
          <reporter-output>
          </reporter-output>
        </test-method> <!-- verifyLoginPageGooglePlayLink -->
        <test-method signature="verifyLoginPageMicrosoftLink()[pri:3, instance:com.instagram.qa.PageTest.LoginPageTest@37ebc9d8]" started-at="2023-06-14T18:53:55 IST" name="verifyLoginPageMicrosoftLink" finished-at="2023-06-14T18:53:56 IST" duration-ms="136" status="PASS">
          <reporter-output>
          </reporter-output>
        </test-method> <!-- verifyLoginPageMicrosoftLink -->
        <test-method signature="verifyLoginAppWithValiedCredentials()[pri:4, instance:com.instagram.qa.PageTest.LoginPageTest@37ebc9d8]" started-at="2023-06-14T18:53:56 IST" name="verifyLoginAppWithValiedCredentials" finished-at="2023-06-14T18:54:05 IST" duration-ms="9096" status="PASS">
          <reporter-output>
          </reporter-output>
        </test-method> <!-- verifyLoginAppWithValiedCredentials -->
        <test-method is-config="true" signature="tearDown()[pri:0, instance:com.instagram.qa.PageTest.LoginPageTest@37ebc9d8]" started-at="2023-06-14T18:54:54 IST" name="tearDown" finished-at="2023-06-14T18:54:55 IST" duration-ms="717" status="PASS">
          <reporter-output>
          </reporter-output>
        </test-method> <!-- tearDown -->
      </class> <!-- com.instagram.qa.PageTest.LoginPageTest -->
      <class name="com.instagram.qa.PageTest.HomePageTest">
        <test-method is-config="true" signature="loginApp()[pri:0, instance:com.instagram.qa.PageTest.HomePageTest@7bf9b098]" started-at="2023-06-14T18:54:05 IST" name="loginApp" finished-at="2023-06-14T18:54:05 IST" duration-ms="2" status="PASS">
          <reporter-output>
          </reporter-output>
        </test-method> <!-- loginApp -->
        <test-method signature="verifyHomePageTitleAndLogo()[pri:1, instance:com.instagram.qa.PageTest.HomePageTest@7bf9b098]" started-at="2023-06-14T18:54:05 IST" name="verifyHomePageTitleAndLogo" finished-at="2023-06-14T18:54:05 IST" duration-ms="102" status="PASS">
          <reporter-output>
          </reporter-output>
        </test-method> <!-- verifyHomePageTitleAndLogo -->
        <test-method signature="verifyUserName()[pri:3, instance:com.instagram.qa.PageTest.HomePageTest@7bf9b098]" started-at="2023-06-14T18:54:05 IST" name="verifyUserName" finished-at="2023-06-14T18:54:05 IST" duration-ms="78" status="PASS">
          <reporter-output>
          </reporter-output>
        </test-method> <!-- verifyUserName -->
        <test-method signature="verifyHomePagefirstPostLikeBtn()[pri:4, instance:com.instagram.qa.PageTest.HomePageTest@7bf9b098]" started-at="2023-06-14T18:54:05 IST" name="verifyHomePagefirstPostLikeBtn" finished-at="2023-06-14T18:54:08 IST" duration-ms="3054" status="PASS">
          <reporter-output>
          </reporter-output>
        </test-method> <!-- verifyHomePagefirstPostLikeBtn -->
        <test-method signature="verifyScrollAndLikePost(int)[pri:5, instance:com.instagram.qa.PageTest.HomePageTest@7bf9b098]" started-at="2023-06-14T18:54:08 IST" name="verifyScrollAndLikePost" finished-at="2023-06-14T18:54:14 IST" duration-ms="5666" status="PASS">
          <params>
            <param index="0">
              <value>
                <![CDATA[5]]>
              </value>
            </param>
          </params>
          <reporter-output>
          </reporter-output>
        </test-method> <!-- verifyScrollAndLikePost -->
        <test-method signature="verifyLogoutButtonTest()[pri:6, instance:com.instagram.qa.PageTest.HomePageTest@7bf9b098]" started-at="2023-06-14T18:54:14 IST" name="verifyLogoutButtonTest" finished-at="2023-06-14T18:54:19 IST" duration-ms="5232" status="PASS">
          <reporter-output>
          </reporter-output>
        </test-method> <!-- verifyLogoutButtonTest -->
        <test-method is-config="true" signature="logoutApp()[pri:0, instance:com.instagram.qa.PageTest.HomePageTest@7bf9b098]" started-at="2023-06-14T18:54:19 IST" name="logoutApp" finished-at="2023-06-14T18:54:19 IST" duration-ms="2" status="PASS">
          <reporter-output>
          </reporter-output>
        </test-method> <!-- logoutApp -->
      </class> <!-- com.instagram.qa.PageTest.HomePageTest -->
    </test> <!-- ExecuteAllTC -->
  </suite> <!-- Instagram -->
</testng-results>
